{"name":"hexo","hostname":"server","pid":23570,"level":20,"msg":"Hexo version: \u001b[35m3.1.1\u001b[39m","time":"2015-12-11T15:20:41.591Z","v":0}
{"name":"hexo","hostname":"server","pid":23570,"level":20,"msg":"Working directory: \u001b[35m~/xyduan/nodejs/github/\u001b[39m","time":"2015-12-11T15:20:41.596Z","v":0}
{"name":"hexo","hostname":"server","pid":23570,"level":20,"msg":"Config loaded: \u001b[35m~/xyduan/nodejs/github/_config.yml\u001b[39m","time":"2015-12-11T15:20:41.700Z","v":0}
{"name":"hexo","hostname":"server","pid":23570,"level":20,"msg":"Script loaded: \u001b[35mthemes/next/scripts/filters/sticky.js\u001b[39m","time":"2015-12-11T15:20:41.712Z","v":0}
{"name":"hexo","hostname":"server","pid":23570,"level":20,"msg":"Script loaded: \u001b[35mthemes/next/scripts/merge-configs.js\u001b[39m","time":"2015-12-11T15:20:41.712Z","v":0}
{"name":"hexo","hostname":"server","pid":23570,"level":20,"msg":"Script loaded: \u001b[35mthemes/next/scripts/tags/center-quote.js\u001b[39m","time":"2015-12-11T15:20:41.713Z","v":0}
{"name":"hexo","hostname":"server","pid":23570,"level":20,"msg":"Script loaded: \u001b[35mthemes/next/scripts/tags/full-image.js\u001b[39m","time":"2015-12-11T15:20:41.713Z","v":0}
{"name":"hexo","hostname":"server","pid":23570,"level":20,"msg":"Script loaded: \u001b[35mthemes/next/scripts/tags/group-pictures.js\u001b[39m","time":"2015-12-11T15:20:41.714Z","v":0}
{"name":"hexo","hostname":"server","pid":23570,"level":20,"msg":"Plugin loaded: \u001b[35mhexo-deployer-git\u001b[39m","time":"2015-12-11T15:20:41.858Z","v":0}
{"name":"hexo","hostname":"server","pid":23570,"level":20,"msg":"Plugin loaded: \u001b[35mhexo-generator-archive\u001b[39m","time":"2015-12-11T15:20:41.863Z","v":0}
{"name":"hexo","hostname":"server","pid":23570,"level":20,"msg":"Plugin loaded: \u001b[35mhexo-generator-category\u001b[39m","time":"2015-12-11T15:20:41.868Z","v":0}
{"name":"hexo","hostname":"server","pid":23570,"level":20,"msg":"Plugin loaded: \u001b[35mhexo-generator-index\u001b[39m","time":"2015-12-11T15:20:41.872Z","v":0}
{"name":"hexo","hostname":"server","pid":23570,"level":20,"msg":"Plugin loaded: \u001b[35mhexo-generator-tag\u001b[39m","time":"2015-12-11T15:20:41.886Z","v":0}
{"name":"hexo","hostname":"server","pid":23570,"level":20,"msg":"Plugin loaded: \u001b[35mhexo-renderer-ejs\u001b[39m","time":"2015-12-11T15:20:41.905Z","v":0}
{"name":"hexo","hostname":"server","pid":23570,"level":20,"msg":"Plugin loaded: \u001b[35mhexo-renderer-marked\u001b[39m","time":"2015-12-11T15:20:41.953Z","v":0}
{"name":"hexo","hostname":"server","pid":23570,"level":20,"msg":"Plugin loaded: \u001b[35mhexo-renderer-stylus\u001b[39m","time":"2015-12-11T15:20:42.061Z","v":0}
{"name":"hexo","hostname":"server","pid":23570,"level":20,"msg":"Plugin loaded: \u001b[35mhexo-server\u001b[39m","time":"2015-12-11T15:20:42.160Z","v":0}
{"name":"hexo","hostname":"server","pid":23570,"level":20,"msg":"Loading database.","time":"2015-12-11T15:20:42.167Z","v":0}
{"name":"hexo","hostname":"server","pid":23570,"level":20,"msg":"Added: \u001b[35msource/images/mysql.jpg\u001b[39m","time":"2015-12-11T15:20:42.225Z","v":0}
{"name":"hexo","hostname":"server","pid":23570,"level":20,"msg":"Unchanged: \u001b[35msource/_posts/hello-world.md\u001b[39m","time":"2015-12-11T15:20:42.228Z","v":0}
{"name":"hexo","hostname":"server","pid":23570,"level":20,"msg":"Added: \u001b[35msource/images/debug.log\u001b[39m","time":"2015-12-11T15:20:42.271Z","v":0}
{"name":"hexo","hostname":"server","pid":23570,"level":20,"msg":"Processed: \u001b[35mimages/debug.log\u001b[39m","time":"2015-12-11T15:20:42.273Z","v":0}
{"name":"hexo","hostname":"server","pid":23570,"level":20,"msg":"Processed: \u001b[35m_posts/hello-world.md\u001b[39m","time":"2015-12-11T15:20:42.275Z","v":0}
{"name":"hexo","hostname":"server","pid":23570,"level":20,"msg":"Processed: \u001b[35mimages/mysql.jpg\u001b[39m","time":"2015-12-11T15:20:42.275Z","v":0}
{"name":"hexo","hostname":"server","pid":23570,"level":20,"msg":"Unchanged: \u001b[35mthemes/next/source/css/_common/_page/home.styl\u001b[39m","time":"2015-12-11T15:20:42.318Z","v":0}
{"name":"hexo","hostname":"server","pid":23570,"level":20,"msg":"Unchanged: \u001b[35mthemes/next/source/css/_mixins/Mist.styl\u001b[39m","time":"2015-12-11T15:20:42.318Z","v":0}
{"name":"hexo","hostname":"server","pid":23570,"level":20,"msg":"Unchanged: \u001b[35mthemes/next/source/css/_mixins/custom.styl\u001b[39m","time":"2015-12-11T15:20:42.319Z","v":0}
{"name":"hexo","hostname":"server","pid":23570,"level":20,"msg":"Unchanged: \u001b[35mthemes/next/source/css/_mixins/default.styl\u001b[39m","time":"2015-12-11T15:20:42.319Z","v":0}
{"name":"hexo","hostname":"server","pid":23570,"level":20,"msg":"Unchanged: \u001b[35mthemes/next/source/css/_variables/custom.styl\u001b[39m","time":"2015-12-11T15:20:42.320Z","v":0}
{"name":"hexo","hostname":"server","pid":23570,"level":20,"msg":"Unchanged: \u001b[35mthemes/next/README.en.md\u001b[39m","time":"2015-12-11T15:20:42.357Z","v":0}
{"name":"hexo","hostname":"server","pid":23570,"level":20,"msg":"Unchanged: \u001b[35mthemes/next/README.md\u001b[39m","time":"2015-12-11T15:20:42.358Z","v":0}
{"name":"hexo","hostname":"server","pid":23570,"level":20,"msg":"Unchanged: \u001b[35mthemes/next/_config.yml\u001b[39m","time":"2015-12-11T15:20:42.359Z","v":0}
{"name":"hexo","hostname":"server","pid":23570,"level":20,"msg":"Unchanged: \u001b[35mthemes/next/bower.json\u001b[39m","time":"2015-12-11T15:20:42.359Z","v":0}
{"name":"hexo","hostname":"server","pid":23570,"level":20,"msg":"Unchanged: \u001b[35mthemes/next/languages/de.yml\u001b[39m","time":"2015-12-11T15:20:42.360Z","v":0}
{"name":"hexo","hostname":"server","pid":23570,"level":20,"msg":"Unchanged: \u001b[35mthemes/next/languages/default.yml\u001b[39m","time":"2015-12-11T15:20:42.361Z","v":0}
{"name":"hexo","hostname":"server","pid":23570,"level":20,"msg":"Unchanged: \u001b[35mthemes/next/languages/en.yml\u001b[39m","time":"2015-12-11T15:20:42.361Z","v":0}
{"name":"hexo","hostname":"server","pid":23570,"level":20,"msg":"Unchanged: \u001b[35mthemes/next/languages/fr-FR.yml\u001b[39m","time":"2015-12-11T15:20:42.361Z","v":0}
{"name":"hexo","hostname":"server","pid":23570,"level":20,"msg":"Unchanged: \u001b[35mthemes/next/languages/pt.yml\u001b[39m","time":"2015-12-11T15:20:42.362Z","v":0}
{"name":"hexo","hostname":"server","pid":23570,"level":20,"msg":"Unchanged: \u001b[35mthemes/next/languages/ru.yml\u001b[39m","time":"2015-12-11T15:20:42.363Z","v":0}
{"name":"hexo","hostname":"server","pid":23570,"level":20,"msg":"Unchanged: \u001b[35mthemes/next/languages/zh-Hans.yml\u001b[39m","time":"2015-12-11T15:20:42.363Z","v":0}
{"name":"hexo","hostname":"server","pid":23570,"level":20,"msg":"Unchanged: \u001b[35mthemes/next/languages/zh-hk.yml\u001b[39m","time":"2015-12-11T15:20:42.364Z","v":0}
{"name":"hexo","hostname":"server","pid":23570,"level":20,"msg":"Unchanged: \u001b[35mthemes/next/languages/zh-tw.yml\u001b[39m","time":"2015-12-11T15:20:42.364Z","v":0}
{"name":"hexo","hostname":"server","pid":23570,"level":20,"msg":"Unchanged: \u001b[35mthemes/next/layout/_layout.swig\u001b[39m","time":"2015-12-11T15:20:42.365Z","v":0}
{"name":"hexo","hostname":"server","pid":23570,"level":20,"msg":"Unchanged: \u001b[35mthemes/next/layout/_macro/post-collapse.swig\u001b[39m","time":"2015-12-11T15:20:42.365Z","v":0}
{"name":"hexo","hostname":"server","pid":23570,"level":20,"msg":"Unchanged: \u001b[35mthemes/next/layout/_macro/post.swig\u001b[39m","time":"2015-12-11T15:20:42.366Z","v":0}
{"name":"hexo","hostname":"server","pid":23570,"level":20,"msg":"Unchanged: \u001b[35mthemes/next/layout/_macro/sidebar.swig\u001b[39m","time":"2015-12-11T15:20:42.366Z","v":0}
{"name":"hexo","hostname":"server","pid":23570,"level":20,"msg":"Unchanged: \u001b[35mthemes/next/layout/_partials/comments.swig\u001b[39m","time":"2015-12-11T15:20:42.367Z","v":0}
{"name":"hexo","hostname":"server","pid":23570,"level":20,"msg":"Unchanged: \u001b[35mthemes/next/layout/_partials/duoshuo-hot-articles.swig\u001b[39m","time":"2015-12-11T15:20:42.367Z","v":0}
{"name":"hexo","hostname":"server","pid":23570,"level":20,"msg":"Unchanged: \u001b[35mthemes/next/layout/_partials/footer.swig\u001b[39m","time":"2015-12-11T15:20:42.367Z","v":0}
{"name":"hexo","hostname":"server","pid":23570,"level":20,"msg":"Unchanged: \u001b[35mthemes/next/layout/_partials/head.swig\u001b[39m","time":"2015-12-11T15:20:42.368Z","v":0}
{"name":"hexo","hostname":"server","pid":23570,"level":20,"msg":"Unchanged: \u001b[35mthemes/next/layout/_partials/header.swig\u001b[39m","time":"2015-12-11T15:20:42.369Z","v":0}
{"name":"hexo","hostname":"server","pid":23570,"level":20,"msg":"Unchanged: \u001b[35mthemes/next/layout/_partials/old-browsers.swig\u001b[39m","time":"2015-12-11T15:20:42.369Z","v":0}
{"name":"hexo","hostname":"server","pid":23570,"level":20,"msg":"Unchanged: \u001b[35mthemes/next/layout/_partials/pagination.swig\u001b[39m","time":"2015-12-11T15:20:42.370Z","v":0}
{"name":"hexo","hostname":"server","pid":23570,"level":20,"msg":"Unchanged: \u001b[35mthemes/next/layout/_partials/search/swiftype.swig\u001b[39m","time":"2015-12-11T15:20:42.370Z","v":0}
{"name":"hexo","hostname":"server","pid":23570,"level":20,"msg":"Unchanged: \u001b[35mthemes/next/layout/_partials/search/tinysou.swig\u001b[39m","time":"2015-12-11T15:20:42.371Z","v":0}
{"name":"hexo","hostname":"server","pid":23570,"level":20,"msg":"Unchanged: \u001b[35mthemes/next/layout/_partials/search.swig\u001b[39m","time":"2015-12-11T15:20:42.371Z","v":0}
{"name":"hexo","hostname":"server","pid":23570,"level":20,"msg":"Unchanged: \u001b[35mthemes/next/layout/_partials/share/duoshuo_share.swig\u001b[39m","time":"2015-12-11T15:20:42.372Z","v":0}
{"name":"hexo","hostname":"server","pid":23570,"level":20,"msg":"Unchanged: \u001b[35mthemes/next/layout/_partials/share/jiathis.swig\u001b[39m","time":"2015-12-11T15:20:42.372Z","v":0}
{"name":"hexo","hostname":"server","pid":23570,"level":20,"msg":"Unchanged: \u001b[35mthemes/next/layout/_scripts/analytics/baidu-analytics.swig\u001b[39m","time":"2015-12-11T15:20:42.372Z","v":0}
{"name":"hexo","hostname":"server","pid":23570,"level":20,"msg":"Unchanged: \u001b[35mthemes/next/layout/_scripts/analytics/facebook-sdk.swig\u001b[39m","time":"2015-12-11T15:20:42.373Z","v":0}
{"name":"hexo","hostname":"server","pid":23570,"level":20,"msg":"Unchanged: \u001b[35mthemes/next/layout/_scripts/analytics/google-analytics.swig\u001b[39m","time":"2015-12-11T15:20:42.373Z","v":0}
{"name":"hexo","hostname":"server","pid":23570,"level":20,"msg":"Unchanged: \u001b[35mthemes/next/layout/_scripts/analytics.swig\u001b[39m","time":"2015-12-11T15:20:42.373Z","v":0}
{"name":"hexo","hostname":"server","pid":23570,"level":20,"msg":"Unchanged: \u001b[35mthemes/next/layout/_scripts/baidushare.swig\u001b[39m","time":"2015-12-11T15:20:42.374Z","v":0}
{"name":"hexo","hostname":"server","pid":23570,"level":20,"msg":"Unchanged: \u001b[35mthemes/next/layout/_scripts/bootstrap.scrollspy.swig\u001b[39m","time":"2015-12-11T15:20:42.375Z","v":0}
{"name":"hexo","hostname":"server","pid":23570,"level":20,"msg":"Unchanged: \u001b[35mthemes/next/layout/_scripts/comments/disqus.swig\u001b[39m","time":"2015-12-11T15:20:42.375Z","v":0}
{"name":"hexo","hostname":"server","pid":23570,"level":20,"msg":"Unchanged: \u001b[35mthemes/next/layout/_scripts/comments/duoshuo.swig\u001b[39m","time":"2015-12-11T15:20:42.376Z","v":0}
{"name":"hexo","hostname":"server","pid":23570,"level":20,"msg":"Unchanged: \u001b[35mthemes/next/layout/_scripts/fancy-box.swig\u001b[39m","time":"2015-12-11T15:20:42.377Z","v":0}
{"name":"hexo","hostname":"server","pid":23570,"level":20,"msg":"Unchanged: \u001b[35mthemes/next/layout/_scripts/helpers.swig\u001b[39m","time":"2015-12-11T15:20:42.378Z","v":0}
{"name":"hexo","hostname":"server","pid":23570,"level":20,"msg":"Unchanged: \u001b[35mthemes/next/layout/_scripts/mathjax.swig\u001b[39m","time":"2015-12-11T15:20:42.378Z","v":0}
{"name":"hexo","hostname":"server","pid":23570,"level":20,"msg":"Unchanged: \u001b[35mthemes/next/layout/_scripts/motion.swig\u001b[39m","time":"2015-12-11T15:20:42.378Z","v":0}
{"name":"hexo","hostname":"server","pid":23570,"level":20,"msg":"Unchanged: \u001b[35mthemes/next/layout/_scripts/pages/post-details.swig\u001b[39m","time":"2015-12-11T15:20:42.379Z","v":0}
{"name":"hexo","hostname":"server","pid":23570,"level":20,"msg":"Unchanged: \u001b[35mthemes/next/layout/_scripts/tinysou.swig\u001b[39m","time":"2015-12-11T15:20:42.379Z","v":0}
{"name":"hexo","hostname":"server","pid":23570,"level":20,"msg":"Unchanged: \u001b[35mthemes/next/layout/archive.swig\u001b[39m","time":"2015-12-11T15:20:42.380Z","v":0}
{"name":"hexo","hostname":"server","pid":23570,"level":20,"msg":"Unchanged: \u001b[35mthemes/next/layout/category.swig\u001b[39m","time":"2015-12-11T15:20:42.380Z","v":0}
{"name":"hexo","hostname":"server","pid":23570,"level":20,"msg":"Unchanged: \u001b[35mthemes/next/layout/index.swig\u001b[39m","time":"2015-12-11T15:20:42.381Z","v":0}
{"name":"hexo","hostname":"server","pid":23570,"level":20,"msg":"Unchanged: \u001b[35mthemes/next/layout/page.swig\u001b[39m","time":"2015-12-11T15:20:42.382Z","v":0}
{"name":"hexo","hostname":"server","pid":23570,"level":20,"msg":"Unchanged: \u001b[35mthemes/next/layout/post.swig\u001b[39m","time":"2015-12-11T15:20:42.382Z","v":0}
{"name":"hexo","hostname":"server","pid":23570,"level":20,"msg":"Unchanged: \u001b[35mthemes/next/layout/tag.swig\u001b[39m","time":"2015-12-11T15:20:42.382Z","v":0}
{"name":"hexo","hostname":"server","pid":23570,"level":20,"msg":"Unchanged: \u001b[35mthemes/next/scripts/filters/sticky.js\u001b[39m","time":"2015-12-11T15:20:42.383Z","v":0}
{"name":"hexo","hostname":"server","pid":23570,"level":20,"msg":"Unchanged: \u001b[35mthemes/next/scripts/merge-configs.js\u001b[39m","time":"2015-12-11T15:20:42.383Z","v":0}
{"name":"hexo","hostname":"server","pid":23570,"level":20,"msg":"Unchanged: \u001b[35mthemes/next/scripts/tags/center-quote.js\u001b[39m","time":"2015-12-11T15:20:42.383Z","v":0}
{"name":"hexo","hostname":"server","pid":23570,"level":20,"msg":"Unchanged: \u001b[35mthemes/next/scripts/tags/full-image.js\u001b[39m","time":"2015-12-11T15:20:42.383Z","v":0}
{"name":"hexo","hostname":"server","pid":23570,"level":20,"msg":"Unchanged: \u001b[35mthemes/next/scripts/tags/group-pictures.js\u001b[39m","time":"2015-12-11T15:20:42.384Z","v":0}
{"name":"hexo","hostname":"server","pid":23570,"level":20,"msg":"Unchanged: \u001b[35mthemes/next/source/css/_common/_component/back-to-top.styl\u001b[39m","time":"2015-12-11T15:20:42.384Z","v":0}
{"name":"hexo","hostname":"server","pid":23570,"level":20,"msg":"Unchanged: \u001b[35mthemes/next/source/css/_common/_component/blockquote-center.styl\u001b[39m","time":"2015-12-11T15:20:42.384Z","v":0}
{"name":"hexo","hostname":"server","pid":23570,"level":20,"msg":"Unchanged: \u001b[35mthemes/next/source/css/_common/_component/buttons.styl\u001b[39m","time":"2015-12-11T15:20:42.385Z","v":0}
{"name":"hexo","hostname":"server","pid":23570,"level":20,"msg":"Unchanged: \u001b[35mthemes/next/source/css/_common/_component/comments.styl\u001b[39m","time":"2015-12-11T15:20:42.386Z","v":0}
{"name":"hexo","hostname":"server","pid":23570,"level":20,"msg":"Unchanged: \u001b[35mthemes/next/source/css/_common/_component/duoshuo.styl\u001b[39m","time":"2015-12-11T15:20:42.386Z","v":0}
{"name":"hexo","hostname":"server","pid":23570,"level":20,"msg":"Unchanged: \u001b[35mthemes/next/source/css/_common/_component/gallery.styl\u001b[39m","time":"2015-12-11T15:20:42.386Z","v":0}
{"name":"hexo","hostname":"server","pid":23570,"level":20,"msg":"Unchanged: \u001b[35mthemes/next/source/css/_common/_component/group-pictures.styl\u001b[39m","time":"2015-12-11T15:20:42.387Z","v":0}
{"name":"hexo","hostname":"server","pid":23570,"level":20,"msg":"Unchanged: \u001b[35mthemes/next/source/css/_common/_component/jiathis.styl\u001b[39m","time":"2015-12-11T15:20:42.387Z","v":0}
{"name":"hexo","hostname":"server","pid":23570,"level":20,"msg":"Unchanged: \u001b[35mthemes/next/source/css/_common/_component/pagination.styl\u001b[39m","time":"2015-12-11T15:20:42.387Z","v":0}
{"name":"hexo","hostname":"server","pid":23570,"level":20,"msg":"Unchanged: \u001b[35mthemes/next/source/css/_common/_component/posts-collapse.styl\u001b[39m","time":"2015-12-11T15:20:42.388Z","v":0}
{"name":"hexo","hostname":"server","pid":23570,"level":20,"msg":"Unchanged: \u001b[35mthemes/next/source/css/_common/_component/posts-expand.styl\u001b[39m","time":"2015-12-11T15:20:42.389Z","v":0}
{"name":"hexo","hostname":"server","pid":23570,"level":20,"msg":"Unchanged: \u001b[35mthemes/next/source/css/_common/_component/posts-type.styl\u001b[39m","time":"2015-12-11T15:20:42.389Z","v":0}
{"name":"hexo","hostname":"server","pid":23570,"level":20,"msg":"Unchanged: \u001b[35mthemes/next/source/css/_common/_component/posts.styl\u001b[39m","time":"2015-12-11T15:20:42.390Z","v":0}
{"name":"hexo","hostname":"server","pid":23570,"level":20,"msg":"Unchanged: \u001b[35mthemes/next/source/css/_common/_component/tag-cloud.styl\u001b[39m","time":"2015-12-11T15:20:42.390Z","v":0}
{"name":"hexo","hostname":"server","pid":23570,"level":20,"msg":"Unchanged: \u001b[35mthemes/next/source/css/_common/_core/base.styl\u001b[39m","time":"2015-12-11T15:20:42.391Z","v":0}
{"name":"hexo","hostname":"server","pid":23570,"level":20,"msg":"Unchanged: \u001b[35mthemes/next/source/css/_common/_core/helpers.styl\u001b[39m","time":"2015-12-11T15:20:42.391Z","v":0}
{"name":"hexo","hostname":"server","pid":23570,"level":20,"msg":"Unchanged: \u001b[35mthemes/next/source/css/_common/_core/normalize.styl\u001b[39m","time":"2015-12-11T15:20:42.392Z","v":0}
{"name":"hexo","hostname":"server","pid":23570,"level":20,"msg":"Unchanged: \u001b[35mthemes/next/source/css/_common/_core/scaffolding.styl\u001b[39m","time":"2015-12-11T15:20:42.392Z","v":0}
{"name":"hexo","hostname":"server","pid":23570,"level":20,"msg":"Unchanged: \u001b[35mthemes/next/source/css/_common/_core/tables.styl\u001b[39m","time":"2015-12-11T15:20:42.393Z","v":0}
{"name":"hexo","hostname":"server","pid":23570,"level":20,"msg":"Unchanged: \u001b[35mthemes/next/source/css/_common/_fonts/icon-default.styl\u001b[39m","time":"2015-12-11T15:20:42.393Z","v":0}
{"name":"hexo","hostname":"server","pid":23570,"level":20,"msg":"Unchanged: \u001b[35mthemes/next/source/css/_common/_fonts/icon-feather.styl\u001b[39m","time":"2015-12-11T15:20:42.394Z","v":0}
{"name":"hexo","hostname":"server","pid":23570,"level":20,"msg":"Unchanged: \u001b[35mthemes/next/source/css/_common/_fonts/icon-fifty-shades.styl\u001b[39m","time":"2015-12-11T15:20:42.394Z","v":0}
{"name":"hexo","hostname":"server","pid":23570,"level":20,"msg":"Unchanged: \u001b[35mthemes/next/source/css/_common/_fonts/icon-font.styl\u001b[39m","time":"2015-12-11T15:20:42.395Z","v":0}
{"name":"hexo","hostname":"server","pid":23570,"level":20,"msg":"Unchanged: \u001b[35mthemes/next/source/css/_common/_fonts/icon-linecons.styl\u001b[39m","time":"2015-12-11T15:20:42.395Z","v":0}
{"name":"hexo","hostname":"server","pid":23570,"level":20,"msg":"Unchanged: \u001b[35mthemes/next/source/css/_common/_page/archive.styl\u001b[39m","time":"2015-12-11T15:20:42.395Z","v":0}
{"name":"hexo","hostname":"server","pid":23570,"level":20,"msg":"Unchanged: \u001b[35mthemes/next/source/css/_common/_page/categories.styl\u001b[39m","time":"2015-12-11T15:20:42.395Z","v":0}
{"name":"hexo","hostname":"server","pid":23570,"level":20,"msg":"Unchanged: \u001b[35mthemes/next/source/css/_common/_page/post-detail.styl\u001b[39m","time":"2015-12-11T15:20:42.396Z","v":0}
{"name":"hexo","hostname":"server","pid":23570,"level":20,"msg":"Unchanged: \u001b[35mthemes/next/source/css/_common/_section/body.styl\u001b[39m","time":"2015-12-11T15:20:42.396Z","v":0}
{"name":"hexo","hostname":"server","pid":23570,"level":20,"msg":"Unchanged: \u001b[35mthemes/next/source/css/_common/_section/footer.styl\u001b[39m","time":"2015-12-11T15:20:42.397Z","v":0}
{"name":"hexo","hostname":"server","pid":23570,"level":20,"msg":"Unchanged: \u001b[35mthemes/next/source/css/_common/_section/header.styl\u001b[39m","time":"2015-12-11T15:20:42.397Z","v":0}
{"name":"hexo","hostname":"server","pid":23570,"level":20,"msg":"Unchanged: \u001b[35mthemes/next/source/css/_common/_section/layout.styl\u001b[39m","time":"2015-12-11T15:20:42.398Z","v":0}
{"name":"hexo","hostname":"server","pid":23570,"level":20,"msg":"Unchanged: \u001b[35mthemes/next/source/css/_common/_section/media.styl\u001b[39m","time":"2015-12-11T15:20:42.398Z","v":0}
{"name":"hexo","hostname":"server","pid":23570,"level":20,"msg":"Unchanged: \u001b[35mthemes/next/source/css/_common/_section/sidebar.styl\u001b[39m","time":"2015-12-11T15:20:42.399Z","v":0}
{"name":"hexo","hostname":"server","pid":23570,"level":20,"msg":"Unchanged: \u001b[35mthemes/next/source/css/_common/_vendor/highlight/highlight.styl\u001b[39m","time":"2015-12-11T15:20:42.399Z","v":0}
{"name":"hexo","hostname":"server","pid":23570,"level":20,"msg":"Unchanged: \u001b[35mthemes/next/source/css/_common/_vendor/highlight/theme.styl\u001b[39m","time":"2015-12-11T15:20:42.400Z","v":0}
{"name":"hexo","hostname":"server","pid":23570,"level":20,"msg":"Unchanged: \u001b[35mthemes/next/source/css/_custom/custom.styl\u001b[39m","time":"2015-12-11T15:20:42.400Z","v":0}
{"name":"hexo","hostname":"server","pid":23570,"level":20,"msg":"Unchanged: \u001b[35mthemes/next/source/css/_mixins/base.styl\u001b[39m","time":"2015-12-11T15:20:42.400Z","v":0}
{"name":"hexo","hostname":"server","pid":23570,"level":20,"msg":"Unchanged: \u001b[35mthemes/next/source/css/_schemes/Mist/_base.styl\u001b[39m","time":"2015-12-11T15:20:42.403Z","v":0}
{"name":"hexo","hostname":"server","pid":23570,"level":20,"msg":"Unchanged: \u001b[35mthemes/next/source/css/_schemes/Mist/_header.styl\u001b[39m","time":"2015-12-11T15:20:42.403Z","v":0}
{"name":"hexo","hostname":"server","pid":23570,"level":20,"msg":"Unchanged: \u001b[35mthemes/next/source/css/_schemes/Mist/_logo.styl\u001b[39m","time":"2015-12-11T15:20:42.404Z","v":0}
{"name":"hexo","hostname":"server","pid":23570,"level":20,"msg":"Unchanged: \u001b[35mthemes/next/source/css/_schemes/Mist/_menu.styl\u001b[39m","time":"2015-12-11T15:20:42.404Z","v":0}
{"name":"hexo","hostname":"server","pid":23570,"level":20,"msg":"Unchanged: \u001b[35mthemes/next/source/css/_schemes/Mist/_posts-expanded.styl\u001b[39m","time":"2015-12-11T15:20:42.405Z","v":0}
{"name":"hexo","hostname":"server","pid":23570,"level":20,"msg":"Unchanged: \u001b[35mthemes/next/source/css/_schemes/Mist/index.styl\u001b[39m","time":"2015-12-11T15:20:42.405Z","v":0}
{"name":"hexo","hostname":"server","pid":23570,"level":20,"msg":"Unchanged: \u001b[35mthemes/next/source/css/_schemes/default/_logo.styl\u001b[39m","time":"2015-12-11T15:20:42.405Z","v":0}
{"name":"hexo","hostname":"server","pid":23570,"level":20,"msg":"Unchanged: \u001b[35mthemes/next/source/css/_schemes/default/_menu.styl\u001b[39m","time":"2015-12-11T15:20:42.406Z","v":0}
{"name":"hexo","hostname":"server","pid":23570,"level":20,"msg":"Unchanged: \u001b[35mthemes/next/source/css/_schemes/default/_search.styl\u001b[39m","time":"2015-12-11T15:20:42.408Z","v":0}
{"name":"hexo","hostname":"server","pid":23570,"level":20,"msg":"Unchanged: \u001b[35mthemes/next/source/css/_schemes/default/index.styl\u001b[39m","time":"2015-12-11T15:20:42.409Z","v":0}
{"name":"hexo","hostname":"server","pid":23570,"level":20,"msg":"Unchanged: \u001b[35mthemes/next/source/css/_variables/Mist.styl\u001b[39m","time":"2015-12-11T15:20:42.410Z","v":0}
{"name":"hexo","hostname":"server","pid":23570,"level":20,"msg":"Unchanged: \u001b[35mthemes/next/source/css/_variables/base.styl\u001b[39m","time":"2015-12-11T15:20:42.410Z","v":0}
{"name":"hexo","hostname":"server","pid":23570,"level":20,"msg":"Unchanged: \u001b[35mthemes/next/source/css/_variables/default.styl\u001b[39m","time":"2015-12-11T15:20:42.412Z","v":0}
{"name":"hexo","hostname":"server","pid":23570,"level":20,"msg":"Unchanged: \u001b[35mthemes/next/source/css/main.styl\u001b[39m","time":"2015-12-11T15:20:42.413Z","v":0}
{"name":"hexo","hostname":"server","pid":23570,"level":20,"msg":"Unchanged: \u001b[35mthemes/next/source/images/cc-by-nc-nd.svg\u001b[39m","time":"2015-12-11T15:20:42.414Z","v":0}
{"name":"hexo","hostname":"server","pid":23570,"level":20,"msg":"Unchanged: \u001b[35mthemes/next/source/images/cc-by-nc-sa.svg\u001b[39m","time":"2015-12-11T15:20:42.414Z","v":0}
{"name":"hexo","hostname":"server","pid":23570,"level":20,"msg":"Unchanged: \u001b[35mthemes/next/source/images/cc-by-nc.svg\u001b[39m","time":"2015-12-11T15:20:42.415Z","v":0}
{"name":"hexo","hostname":"server","pid":23570,"level":20,"msg":"Unchanged: \u001b[35mthemes/next/source/images/cc-by-nd.svg\u001b[39m","time":"2015-12-11T15:20:42.415Z","v":0}
{"name":"hexo","hostname":"server","pid":23570,"level":20,"msg":"Unchanged: \u001b[35mthemes/next/source/images/cc-by-sa.svg\u001b[39m","time":"2015-12-11T15:20:42.415Z","v":0}
{"name":"hexo","hostname":"server","pid":23570,"level":20,"msg":"Unchanged: \u001b[35mthemes/next/source/images/cc-by.svg\u001b[39m","time":"2015-12-11T15:20:42.416Z","v":0}
{"name":"hexo","hostname":"server","pid":23570,"level":20,"msg":"Unchanged: \u001b[35mthemes/next/source/images/cc-zero.svg\u001b[39m","time":"2015-12-11T15:20:42.417Z","v":0}
{"name":"hexo","hostname":"server","pid":23570,"level":20,"msg":"Unchanged: \u001b[35mthemes/next/source/images/loading.gif\u001b[39m","time":"2015-12-11T15:20:42.417Z","v":0}
{"name":"hexo","hostname":"server","pid":23570,"level":20,"msg":"Unchanged: \u001b[35mthemes/next/source/images/placeholder.gif\u001b[39m","time":"2015-12-11T15:20:42.418Z","v":0}
{"name":"hexo","hostname":"server","pid":23570,"level":20,"msg":"Unchanged: \u001b[35mthemes/next/source/images/quote-l.svg\u001b[39m","time":"2015-12-11T15:20:42.418Z","v":0}
{"name":"hexo","hostname":"server","pid":23570,"level":20,"msg":"Unchanged: \u001b[35mthemes/next/source/images/quote-r.svg\u001b[39m","time":"2015-12-11T15:20:42.419Z","v":0}
{"name":"hexo","hostname":"server","pid":23570,"level":20,"msg":"Unchanged: \u001b[35mthemes/next/source/images/searchicon.png\u001b[39m","time":"2015-12-11T15:20:42.419Z","v":0}
{"name":"hexo","hostname":"server","pid":23570,"level":20,"msg":"Unchanged: \u001b[35mthemes/next/source/js/bootstrap.js\u001b[39m","time":"2015-12-11T15:20:42.419Z","v":0}
{"name":"hexo","hostname":"server","pid":23570,"level":20,"msg":"Unchanged: \u001b[35mthemes/next/source/js/bootstrap.scrollspy.js\u001b[39m","time":"2015-12-11T15:20:42.420Z","v":0}
{"name":"hexo","hostname":"server","pid":23570,"level":20,"msg":"Unchanged: \u001b[35mthemes/next/source/js/fancy-box.js\u001b[39m","time":"2015-12-11T15:20:42.420Z","v":0}
{"name":"hexo","hostname":"server","pid":23570,"level":20,"msg":"Unchanged: \u001b[35mthemes/next/source/js/helpers.js\u001b[39m","time":"2015-12-11T15:20:42.420Z","v":0}
{"name":"hexo","hostname":"server","pid":23570,"level":20,"msg":"Unchanged: \u001b[35mthemes/next/source/js/hook-duoshuo.js\u001b[39m","time":"2015-12-11T15:20:42.421Z","v":0}
{"name":"hexo","hostname":"server","pid":23570,"level":20,"msg":"Unchanged: \u001b[35mthemes/next/source/js/motion.js\u001b[39m","time":"2015-12-11T15:20:42.422Z","v":0}
{"name":"hexo","hostname":"server","pid":23570,"level":20,"msg":"Unchanged: \u001b[35mthemes/next/source/js/ua-parser.min.js\u001b[39m","time":"2015-12-11T15:20:42.424Z","v":0}
{"name":"hexo","hostname":"server","pid":23570,"level":20,"msg":"Unchanged: \u001b[35mthemes/next/source/vendors/fancybox/source/blank.gif\u001b[39m","time":"2015-12-11T15:20:42.424Z","v":0}
{"name":"hexo","hostname":"server","pid":23570,"level":20,"msg":"Unchanged: \u001b[35mthemes/next/source/vendors/fancybox/source/fancybox_loading.gif\u001b[39m","time":"2015-12-11T15:20:42.425Z","v":0}
{"name":"hexo","hostname":"server","pid":23570,"level":20,"msg":"Unchanged: \u001b[35mthemes/next/source/vendors/fancybox/source/fancybox_loading@2x.gif\u001b[39m","time":"2015-12-11T15:20:42.425Z","v":0}
{"name":"hexo","hostname":"server","pid":23570,"level":20,"msg":"Unchanged: \u001b[35mthemes/next/source/vendors/fancybox/source/fancybox_overlay.png\u001b[39m","time":"2015-12-11T15:20:42.426Z","v":0}
{"name":"hexo","hostname":"server","pid":23570,"level":20,"msg":"Unchanged: \u001b[35mthemes/next/source/vendors/fancybox/source/fancybox_sprite.png\u001b[39m","time":"2015-12-11T15:20:42.426Z","v":0}
{"name":"hexo","hostname":"server","pid":23570,"level":20,"msg":"Unchanged: \u001b[35mthemes/next/source/vendors/fancybox/source/fancybox_sprite@2x.png\u001b[39m","time":"2015-12-11T15:20:42.427Z","v":0}
{"name":"hexo","hostname":"server","pid":23570,"level":20,"msg":"Unchanged: \u001b[35mthemes/next/source/vendors/fancybox/source/helpers/fancybox_buttons.png\u001b[39m","time":"2015-12-11T15:20:42.427Z","v":0}
{"name":"hexo","hostname":"server","pid":23570,"level":20,"msg":"Unchanged: \u001b[35mthemes/next/source/vendors/fancybox/source/helpers/jquery.fancybox-buttons.css\u001b[39m","time":"2015-12-11T15:20:42.428Z","v":0}
{"name":"hexo","hostname":"server","pid":23570,"level":20,"msg":"Unchanged: \u001b[35mthemes/next/source/vendors/fancybox/source/helpers/jquery.fancybox-buttons.js\u001b[39m","time":"2015-12-11T15:20:42.428Z","v":0}
{"name":"hexo","hostname":"server","pid":23570,"level":20,"msg":"Unchanged: \u001b[35mthemes/next/source/vendors/fancybox/source/helpers/jquery.fancybox-media.js\u001b[39m","time":"2015-12-11T15:20:42.428Z","v":0}
{"name":"hexo","hostname":"server","pid":23570,"level":20,"msg":"Unchanged: \u001b[35mthemes/next/source/vendors/fancybox/source/helpers/jquery.fancybox-thumbs.css\u001b[39m","time":"2015-12-11T15:20:42.429Z","v":0}
{"name":"hexo","hostname":"server","pid":23570,"level":20,"msg":"Unchanged: \u001b[35mthemes/next/source/vendors/fancybox/source/helpers/jquery.fancybox-thumbs.js\u001b[39m","time":"2015-12-11T15:20:42.429Z","v":0}
{"name":"hexo","hostname":"server","pid":23570,"level":20,"msg":"Unchanged: \u001b[35mthemes/next/source/vendors/fancybox/source/jquery.fancybox.css\u001b[39m","time":"2015-12-11T15:20:42.429Z","v":0}
{"name":"hexo","hostname":"server","pid":23570,"level":20,"msg":"Unchanged: \u001b[35mthemes/next/source/vendors/fancybox/source/jquery.fancybox.js\u001b[39m","time":"2015-12-11T15:20:42.430Z","v":0}
{"name":"hexo","hostname":"server","pid":23570,"level":20,"msg":"Unchanged: \u001b[35mthemes/next/source/vendors/fancybox/source/jquery.fancybox.pack.js\u001b[39m","time":"2015-12-11T15:20:42.430Z","v":0}
{"name":"hexo","hostname":"server","pid":23570,"level":20,"msg":"Unchanged: \u001b[35mthemes/next/source/vendors/fastclick/LICENSE\u001b[39m","time":"2015-12-11T15:20:42.430Z","v":0}
{"name":"hexo","hostname":"server","pid":23570,"level":20,"msg":"Unchanged: \u001b[35mthemes/next/source/vendors/fastclick/README.md\u001b[39m","time":"2015-12-11T15:20:42.431Z","v":0}
{"name":"hexo","hostname":"server","pid":23570,"level":20,"msg":"Unchanged: \u001b[35mthemes/next/source/vendors/fastclick/bower.json\u001b[39m","time":"2015-12-11T15:20:42.432Z","v":0}
{"name":"hexo","hostname":"server","pid":23570,"level":20,"msg":"Unchanged: \u001b[35mthemes/next/source/vendors/fastclick/lib/fastclick.js\u001b[39m","time":"2015-12-11T15:20:42.432Z","v":0}
{"name":"hexo","hostname":"server","pid":23570,"level":20,"msg":"Unchanged: \u001b[35mthemes/next/source/vendors/fastclick/lib/fastclick.min.js\u001b[39m","time":"2015-12-11T15:20:42.433Z","v":0}
{"name":"hexo","hostname":"server","pid":23570,"level":20,"msg":"Unchanged: \u001b[35mthemes/next/source/vendors/font-awesome/HELP-US-OUT.txt\u001b[39m","time":"2015-12-11T15:20:42.433Z","v":0}
{"name":"hexo","hostname":"server","pid":23570,"level":20,"msg":"Unchanged: \u001b[35mthemes/next/source/vendors/font-awesome/bower.json\u001b[39m","time":"2015-12-11T15:20:42.434Z","v":0}
{"name":"hexo","hostname":"server","pid":23570,"level":20,"msg":"Unchanged: \u001b[35mthemes/next/source/vendors/font-awesome/css/font-awesome.css\u001b[39m","time":"2015-12-11T15:20:42.434Z","v":0}
{"name":"hexo","hostname":"server","pid":23570,"level":20,"msg":"Unchanged: \u001b[35mthemes/next/source/vendors/font-awesome/css/font-awesome.css.map\u001b[39m","time":"2015-12-11T15:20:42.435Z","v":0}
{"name":"hexo","hostname":"server","pid":23570,"level":20,"msg":"Unchanged: \u001b[35mthemes/next/source/vendors/font-awesome/css/font-awesome.min.css\u001b[39m","time":"2015-12-11T15:20:42.435Z","v":0}
{"name":"hexo","hostname":"server","pid":23570,"level":20,"msg":"Unchanged: \u001b[35mthemes/next/source/vendors/font-awesome/fonts/fontawesome-webfont.woff2\u001b[39m","time":"2015-12-11T15:20:42.435Z","v":0}
{"name":"hexo","hostname":"server","pid":23570,"level":20,"msg":"Unchanged: \u001b[35mthemes/next/source/vendors/jquery_lazyload/CONTRIBUTING.md\u001b[39m","time":"2015-12-11T15:20:42.436Z","v":0}
{"name":"hexo","hostname":"server","pid":23570,"level":20,"msg":"Unchanged: \u001b[35mthemes/next/source/vendors/jquery_lazyload/README.md\u001b[39m","time":"2015-12-11T15:20:42.436Z","v":0}
{"name":"hexo","hostname":"server","pid":23570,"level":20,"msg":"Unchanged: \u001b[35mthemes/next/source/vendors/jquery_lazyload/bower.json\u001b[39m","time":"2015-12-11T15:20:42.437Z","v":0}
{"name":"hexo","hostname":"server","pid":23570,"level":20,"msg":"Unchanged: \u001b[35mthemes/next/source/vendors/jquery_lazyload/jquery.lazyload.js\u001b[39m","time":"2015-12-11T15:20:42.437Z","v":0}
{"name":"hexo","hostname":"server","pid":23570,"level":20,"msg":"Unchanged: \u001b[35mthemes/next/source/vendors/jquery_lazyload/jquery.scrollstop.js\u001b[39m","time":"2015-12-11T15:20:42.438Z","v":0}
{"name":"hexo","hostname":"server","pid":23570,"level":20,"msg":"Unchanged: \u001b[35mthemes/next/source/vendors/velocity/bower.json\u001b[39m","time":"2015-12-11T15:20:42.438Z","v":0}
{"name":"hexo","hostname":"server","pid":23570,"level":20,"msg":"Unchanged: \u001b[35mthemes/next/source/vendors/velocity/velocity.min.js\u001b[39m","time":"2015-12-11T15:20:42.439Z","v":0}
{"name":"hexo","hostname":"server","pid":23570,"level":20,"msg":"Unchanged: \u001b[35mthemes/next/source/vendors/velocity/velocity.ui.js\u001b[39m","time":"2015-12-11T15:20:42.439Z","v":0}
{"name":"hexo","hostname":"server","pid":23570,"level":20,"msg":"Unchanged: \u001b[35mthemes/next/source/vendors/velocity/velocity.ui.min.js\u001b[39m","time":"2015-12-11T15:20:42.440Z","v":0}
{"name":"hexo","hostname":"server","pid":23570,"level":20,"msg":"Unchanged: \u001b[35mthemes/next/test/helpers.js\u001b[39m","time":"2015-12-11T15:20:42.440Z","v":0}
{"name":"hexo","hostname":"server","pid":23570,"level":20,"msg":"Unchanged: \u001b[35mthemes/next/test/intern.js\u001b[39m","time":"2015-12-11T15:20:42.440Z","v":0}
{"name":"hexo","hostname":"server","pid":23570,"level":20,"msg":"Unchanged: \u001b[35mthemes/next/source/vendors/font-awesome/fonts/FontAwesome.otf\u001b[39m","time":"2015-12-11T15:20:42.443Z","v":0}
{"name":"hexo","hostname":"server","pid":23570,"level":20,"msg":"Unchanged: \u001b[35mthemes/next/source/vendors/font-awesome/fonts/fontawesome-webfont.eot\u001b[39m","time":"2015-12-11T15:20:42.443Z","v":0}
{"name":"hexo","hostname":"server","pid":23570,"level":20,"msg":"Unchanged: \u001b[35mthemes/next/source/vendors/font-awesome/fonts/fontawesome-webfont.woff\u001b[39m","time":"2015-12-11T15:20:42.444Z","v":0}
{"name":"hexo","hostname":"server","pid":23570,"level":20,"msg":"Unchanged: \u001b[35mthemes/next/source/vendors/jquery/index.js\u001b[39m","time":"2015-12-11T15:20:42.444Z","v":0}
{"name":"hexo","hostname":"server","pid":23570,"level":20,"msg":"Unchanged: \u001b[35mthemes/next/source/vendors/font-awesome/fonts/fontawesome-webfont.ttf\u001b[39m","time":"2015-12-11T15:20:42.445Z","v":0}
{"name":"hexo","hostname":"server","pid":23570,"level":20,"msg":"Unchanged: \u001b[35mthemes/next/source/vendors/velocity/velocity.js\u001b[39m","time":"2015-12-11T15:20:42.446Z","v":0}
{"name":"hexo","hostname":"server","pid":23570,"level":20,"msg":"Unchanged: \u001b[35mthemes/next/source/vendors/font-awesome/fonts/fontawesome-webfont.svg\u001b[39m","time":"2015-12-11T15:20:42.448Z","v":0}
{"name":"hexo","hostname":"server","pid":23570,"level":20,"msg":"Unchanged: \u001b[35mthemes/next/debug.log\u001b[39m","time":"2015-12-11T15:20:42.463Z","v":0}
{"name":"hexo","hostname":"server","pid":23570,"level":20,"msg":"Processed: \u001b[35msource/vendors/font-awesome/fonts/fontawesome-webfont.svg\u001b[39m","time":"2015-12-11T15:20:42.465Z","v":0}
{"name":"hexo","hostname":"server","pid":23570,"level":20,"msg":"Processed: \u001b[35msource/vendors/velocity/velocity.js\u001b[39m","time":"2015-12-11T15:20:42.466Z","v":0}
{"name":"hexo","hostname":"server","pid":23570,"level":20,"msg":"Processed: \u001b[35msource/vendors/font-awesome/fonts/fontawesome-webfont.ttf\u001b[39m","time":"2015-12-11T15:20:42.467Z","v":0}
{"name":"hexo","hostname":"server","pid":23570,"level":20,"msg":"Processed: \u001b[35msource/vendors/jquery/index.js\u001b[39m","time":"2015-12-11T15:20:42.467Z","v":0}
{"name":"hexo","hostname":"server","pid":23570,"level":20,"msg":"Processed: \u001b[35msource/vendors/font-awesome/fonts/fontawesome-webfont.woff\u001b[39m","time":"2015-12-11T15:20:42.468Z","v":0}
{"name":"hexo","hostname":"server","pid":23570,"level":20,"msg":"Processed: \u001b[35msource/vendors/font-awesome/fonts/fontawesome-webfont.eot\u001b[39m","time":"2015-12-11T15:20:42.468Z","v":0}
{"name":"hexo","hostname":"server","pid":23570,"level":20,"msg":"Processed: \u001b[35msource/vendors/font-awesome/fonts/FontAwesome.otf\u001b[39m","time":"2015-12-11T15:20:42.468Z","v":0}
{"name":"hexo","hostname":"server","pid":23570,"level":20,"msg":"Processed: \u001b[35msource/vendors/velocity/velocity.ui.min.js\u001b[39m","time":"2015-12-11T15:20:42.469Z","v":0}
{"name":"hexo","hostname":"server","pid":23570,"level":20,"msg":"Processed: \u001b[35msource/vendors/velocity/velocity.ui.js\u001b[39m","time":"2015-12-11T15:20:42.469Z","v":0}
{"name":"hexo","hostname":"server","pid":23570,"level":20,"msg":"Processed: \u001b[35msource/vendors/velocity/velocity.min.js\u001b[39m","time":"2015-12-11T15:20:42.470Z","v":0}
{"name":"hexo","hostname":"server","pid":23570,"level":20,"msg":"Processed: \u001b[35msource/vendors/velocity/bower.json\u001b[39m","time":"2015-12-11T15:20:42.470Z","v":0}
{"name":"hexo","hostname":"server","pid":23570,"level":20,"msg":"Processed: \u001b[35msource/vendors/jquery_lazyload/jquery.scrollstop.js\u001b[39m","time":"2015-12-11T15:20:42.471Z","v":0}
{"name":"hexo","hostname":"server","pid":23570,"level":20,"msg":"Processed: \u001b[35msource/vendors/jquery_lazyload/jquery.lazyload.js\u001b[39m","time":"2015-12-11T15:20:42.471Z","v":0}
{"name":"hexo","hostname":"server","pid":23570,"level":20,"msg":"Processed: \u001b[35msource/vendors/jquery_lazyload/bower.json\u001b[39m","time":"2015-12-11T15:20:42.471Z","v":0}
{"name":"hexo","hostname":"server","pid":23570,"level":20,"msg":"Processed: \u001b[35msource/vendors/jquery_lazyload/README.md\u001b[39m","time":"2015-12-11T15:20:42.472Z","v":0}
{"name":"hexo","hostname":"server","pid":23570,"level":20,"msg":"Processed: \u001b[35msource/vendors/jquery_lazyload/CONTRIBUTING.md\u001b[39m","time":"2015-12-11T15:20:42.473Z","v":0}
{"name":"hexo","hostname":"server","pid":23570,"level":20,"msg":"Processed: \u001b[35msource/vendors/font-awesome/fonts/fontawesome-webfont.woff2\u001b[39m","time":"2015-12-11T15:20:42.474Z","v":0}
{"name":"hexo","hostname":"server","pid":23570,"level":20,"msg":"Processed: \u001b[35msource/vendors/font-awesome/css/font-awesome.min.css\u001b[39m","time":"2015-12-11T15:20:42.475Z","v":0}
{"name":"hexo","hostname":"server","pid":23570,"level":20,"msg":"Processed: \u001b[35msource/vendors/font-awesome/css/font-awesome.css.map\u001b[39m","time":"2015-12-11T15:20:42.475Z","v":0}
{"name":"hexo","hostname":"server","pid":23570,"level":20,"msg":"Processed: \u001b[35msource/vendors/font-awesome/css/font-awesome.css\u001b[39m","time":"2015-12-11T15:20:42.476Z","v":0}
{"name":"hexo","hostname":"server","pid":23570,"level":20,"msg":"Processed: \u001b[35msource/vendors/font-awesome/bower.json\u001b[39m","time":"2015-12-11T15:20:42.476Z","v":0}
{"name":"hexo","hostname":"server","pid":23570,"level":20,"msg":"Processed: \u001b[35msource/vendors/font-awesome/HELP-US-OUT.txt\u001b[39m","time":"2015-12-11T15:20:42.477Z","v":0}
{"name":"hexo","hostname":"server","pid":23570,"level":20,"msg":"Processed: \u001b[35msource/vendors/fastclick/lib/fastclick.min.js\u001b[39m","time":"2015-12-11T15:20:42.478Z","v":0}
{"name":"hexo","hostname":"server","pid":23570,"level":20,"msg":"Processed: \u001b[35msource/vendors/fastclick/lib/fastclick.js\u001b[39m","time":"2015-12-11T15:20:42.478Z","v":0}
{"name":"hexo","hostname":"server","pid":23570,"level":20,"msg":"Processed: \u001b[35msource/vendors/fastclick/bower.json\u001b[39m","time":"2015-12-11T15:20:42.479Z","v":0}
{"name":"hexo","hostname":"server","pid":23570,"level":20,"msg":"Processed: \u001b[35msource/vendors/fastclick/README.md\u001b[39m","time":"2015-12-11T15:20:42.480Z","v":0}
{"name":"hexo","hostname":"server","pid":23570,"level":20,"msg":"Processed: \u001b[35msource/vendors/fastclick/LICENSE\u001b[39m","time":"2015-12-11T15:20:42.480Z","v":0}
{"name":"hexo","hostname":"server","pid":23570,"level":20,"msg":"Processed: \u001b[35msource/vendors/fancybox/source/jquery.fancybox.pack.js\u001b[39m","time":"2015-12-11T15:20:42.481Z","v":0}
{"name":"hexo","hostname":"server","pid":23570,"level":20,"msg":"Processed: \u001b[35msource/vendors/fancybox/source/jquery.fancybox.js\u001b[39m","time":"2015-12-11T15:20:42.482Z","v":0}
{"name":"hexo","hostname":"server","pid":23570,"level":20,"msg":"Processed: \u001b[35msource/vendors/fancybox/source/jquery.fancybox.css\u001b[39m","time":"2015-12-11T15:20:42.483Z","v":0}
{"name":"hexo","hostname":"server","pid":23570,"level":20,"msg":"Processed: \u001b[35msource/vendors/fancybox/source/helpers/jquery.fancybox-thumbs.js\u001b[39m","time":"2015-12-11T15:20:42.484Z","v":0}
{"name":"hexo","hostname":"server","pid":23570,"level":20,"msg":"Processed: \u001b[35msource/vendors/fancybox/source/helpers/jquery.fancybox-thumbs.css\u001b[39m","time":"2015-12-11T15:20:42.484Z","v":0}
{"name":"hexo","hostname":"server","pid":23570,"level":20,"msg":"Processed: \u001b[35msource/vendors/fancybox/source/helpers/jquery.fancybox-media.js\u001b[39m","time":"2015-12-11T15:20:42.487Z","v":0}
{"name":"hexo","hostname":"server","pid":23570,"level":20,"msg":"Processed: \u001b[35msource/vendors/fancybox/source/helpers/jquery.fancybox-buttons.js\u001b[39m","time":"2015-12-11T15:20:42.487Z","v":0}
{"name":"hexo","hostname":"server","pid":23570,"level":20,"msg":"Processed: \u001b[35msource/vendors/fancybox/source/helpers/jquery.fancybox-buttons.css\u001b[39m","time":"2015-12-11T15:20:42.488Z","v":0}
{"name":"hexo","hostname":"server","pid":23570,"level":20,"msg":"Processed: \u001b[35msource/vendors/fancybox/source/helpers/fancybox_buttons.png\u001b[39m","time":"2015-12-11T15:20:42.488Z","v":0}
{"name":"hexo","hostname":"server","pid":23570,"level":20,"msg":"Processed: \u001b[35msource/vendors/fancybox/source/fancybox_sprite@2x.png\u001b[39m","time":"2015-12-11T15:20:42.489Z","v":0}
{"name":"hexo","hostname":"server","pid":23570,"level":20,"msg":"Processed: \u001b[35msource/vendors/fancybox/source/fancybox_sprite.png\u001b[39m","time":"2015-12-11T15:20:42.490Z","v":0}
{"name":"hexo","hostname":"server","pid":23570,"level":20,"msg":"Processed: \u001b[35msource/vendors/fancybox/source/fancybox_overlay.png\u001b[39m","time":"2015-12-11T15:20:42.490Z","v":0}
{"name":"hexo","hostname":"server","pid":23570,"level":20,"msg":"Processed: \u001b[35msource/vendors/fancybox/source/fancybox_loading@2x.gif\u001b[39m","time":"2015-12-11T15:20:42.491Z","v":0}
{"name":"hexo","hostname":"server","pid":23570,"level":20,"msg":"Processed: \u001b[35msource/vendors/fancybox/source/fancybox_loading.gif\u001b[39m","time":"2015-12-11T15:20:42.491Z","v":0}
{"name":"hexo","hostname":"server","pid":23570,"level":20,"msg":"Processed: \u001b[35msource/vendors/fancybox/source/blank.gif\u001b[39m","time":"2015-12-11T15:20:42.492Z","v":0}
{"name":"hexo","hostname":"server","pid":23570,"level":20,"msg":"Processed: \u001b[35msource/js/ua-parser.min.js\u001b[39m","time":"2015-12-11T15:20:42.492Z","v":0}
{"name":"hexo","hostname":"server","pid":23570,"level":20,"msg":"Processed: \u001b[35msource/js/motion.js\u001b[39m","time":"2015-12-11T15:20:42.493Z","v":0}
{"name":"hexo","hostname":"server","pid":23570,"level":20,"msg":"Processed: \u001b[35msource/js/hook-duoshuo.js\u001b[39m","time":"2015-12-11T15:20:42.493Z","v":0}
{"name":"hexo","hostname":"server","pid":23570,"level":20,"msg":"Processed: \u001b[35msource/js/helpers.js\u001b[39m","time":"2015-12-11T15:20:42.494Z","v":0}
{"name":"hexo","hostname":"server","pid":23570,"level":20,"msg":"Processed: \u001b[35msource/js/fancy-box.js\u001b[39m","time":"2015-12-11T15:20:42.494Z","v":0}
{"name":"hexo","hostname":"server","pid":23570,"level":20,"msg":"Processed: \u001b[35msource/js/bootstrap.scrollspy.js\u001b[39m","time":"2015-12-11T15:20:42.495Z","v":0}
{"name":"hexo","hostname":"server","pid":23570,"level":20,"msg":"Processed: \u001b[35msource/js/bootstrap.js\u001b[39m","time":"2015-12-11T15:20:42.495Z","v":0}
{"name":"hexo","hostname":"server","pid":23570,"level":20,"msg":"Processed: \u001b[35msource/images/searchicon.png\u001b[39m","time":"2015-12-11T15:20:42.496Z","v":0}
{"name":"hexo","hostname":"server","pid":23570,"level":20,"msg":"Processed: \u001b[35msource/images/quote-r.svg\u001b[39m","time":"2015-12-11T15:20:42.496Z","v":0}
{"name":"hexo","hostname":"server","pid":23570,"level":20,"msg":"Processed: \u001b[35msource/images/quote-l.svg\u001b[39m","time":"2015-12-11T15:20:42.497Z","v":0}
{"name":"hexo","hostname":"server","pid":23570,"level":20,"msg":"Processed: \u001b[35msource/images/placeholder.gif\u001b[39m","time":"2015-12-11T15:20:42.497Z","v":0}
{"name":"hexo","hostname":"server","pid":23570,"level":20,"msg":"Processed: \u001b[35msource/images/loading.gif\u001b[39m","time":"2015-12-11T15:20:42.498Z","v":0}
{"name":"hexo","hostname":"server","pid":23570,"level":20,"msg":"Processed: \u001b[35msource/images/cc-zero.svg\u001b[39m","time":"2015-12-11T15:20:42.499Z","v":0}
{"name":"hexo","hostname":"server","pid":23570,"level":20,"msg":"Processed: \u001b[35msource/images/cc-by.svg\u001b[39m","time":"2015-12-11T15:20:42.500Z","v":0}
{"name":"hexo","hostname":"server","pid":23570,"level":20,"msg":"Processed: \u001b[35msource/images/cc-by-sa.svg\u001b[39m","time":"2015-12-11T15:20:42.500Z","v":0}
{"name":"hexo","hostname":"server","pid":23570,"level":20,"msg":"Processed: \u001b[35msource/images/cc-by-nd.svg\u001b[39m","time":"2015-12-11T15:20:42.501Z","v":0}
{"name":"hexo","hostname":"server","pid":23570,"level":20,"msg":"Processed: \u001b[35msource/images/cc-by-nc.svg\u001b[39m","time":"2015-12-11T15:20:42.501Z","v":0}
{"name":"hexo","hostname":"server","pid":23570,"level":20,"msg":"Processed: \u001b[35msource/images/cc-by-nc-sa.svg\u001b[39m","time":"2015-12-11T15:20:42.503Z","v":0}
{"name":"hexo","hostname":"server","pid":23570,"level":20,"msg":"Processed: \u001b[35msource/images/cc-by-nc-nd.svg\u001b[39m","time":"2015-12-11T15:20:42.504Z","v":0}
{"name":"hexo","hostname":"server","pid":23570,"level":20,"msg":"Processed: \u001b[35msource/css/main.styl\u001b[39m","time":"2015-12-11T15:20:42.506Z","v":0}
{"name":"hexo","hostname":"server","pid":23570,"level":20,"msg":"Processed: \u001b[35mlayout/tag.swig\u001b[39m","time":"2015-12-11T15:20:42.514Z","v":0}
{"name":"hexo","hostname":"server","pid":23570,"level":20,"msg":"Processed: \u001b[35mlayout/post.swig\u001b[39m","time":"2015-12-11T15:20:42.515Z","v":0}
{"name":"hexo","hostname":"server","pid":23570,"level":20,"msg":"Processed: \u001b[35mlayout/page.swig\u001b[39m","time":"2015-12-11T15:20:42.520Z","v":0}
{"name":"hexo","hostname":"server","pid":23570,"level":20,"msg":"Processed: \u001b[35mlayout/index.swig\u001b[39m","time":"2015-12-11T15:20:42.523Z","v":0}
{"name":"hexo","hostname":"server","pid":23570,"level":20,"msg":"Processed: \u001b[35mlayout/category.swig\u001b[39m","time":"2015-12-11T15:20:42.525Z","v":0}
{"name":"hexo","hostname":"server","pid":23570,"level":20,"msg":"Processed: \u001b[35mlayout/archive.swig\u001b[39m","time":"2015-12-11T15:20:42.528Z","v":0}
{"name":"hexo","hostname":"server","pid":23570,"level":20,"msg":"Processed: \u001b[35mlayout/_scripts/tinysou.swig\u001b[39m","time":"2015-12-11T15:20:42.530Z","v":0}
{"name":"hexo","hostname":"server","pid":23570,"level":20,"msg":"Processed: \u001b[35mlayout/_scripts/pages/post-details.swig\u001b[39m","time":"2015-12-11T15:20:42.532Z","v":0}
{"name":"hexo","hostname":"server","pid":23570,"level":20,"msg":"Processed: \u001b[35mlayout/_scripts/motion.swig\u001b[39m","time":"2015-12-11T15:20:42.535Z","v":0}
{"name":"hexo","hostname":"server","pid":23570,"level":20,"msg":"Processed: \u001b[35mlayout/_scripts/mathjax.swig\u001b[39m","time":"2015-12-11T15:20:42.540Z","v":0}
{"name":"hexo","hostname":"server","pid":23570,"level":20,"msg":"Processed: \u001b[35mlayout/_scripts/helpers.swig\u001b[39m","time":"2015-12-11T15:20:42.542Z","v":0}
{"name":"hexo","hostname":"server","pid":23570,"level":20,"msg":"Processed: \u001b[35mlayout/_scripts/fancy-box.swig\u001b[39m","time":"2015-12-11T15:20:42.545Z","v":0}
{"name":"hexo","hostname":"server","pid":23570,"level":20,"msg":"Processed: \u001b[35mlayout/_scripts/comments/duoshuo.swig\u001b[39m","time":"2015-12-11T15:20:42.548Z","v":0}
{"name":"hexo","hostname":"server","pid":23570,"level":20,"msg":"Processed: \u001b[35mlayout/_scripts/comments/disqus.swig\u001b[39m","time":"2015-12-11T15:20:42.551Z","v":0}
{"name":"hexo","hostname":"server","pid":23570,"level":20,"msg":"Processed: \u001b[35mlayout/_scripts/bootstrap.scrollspy.swig\u001b[39m","time":"2015-12-11T15:20:42.554Z","v":0}
{"name":"hexo","hostname":"server","pid":23570,"level":20,"msg":"Processed: \u001b[35mlayout/_scripts/baidushare.swig\u001b[39m","time":"2015-12-11T15:20:42.556Z","v":0}
{"name":"hexo","hostname":"server","pid":23570,"level":20,"msg":"Processed: \u001b[35mlayout/_scripts/analytics.swig\u001b[39m","time":"2015-12-11T15:20:42.560Z","v":0}
{"name":"hexo","hostname":"server","pid":23570,"level":20,"msg":"Processed: \u001b[35mlayout/_scripts/analytics/google-analytics.swig\u001b[39m","time":"2015-12-11T15:20:42.562Z","v":0}
{"name":"hexo","hostname":"server","pid":23570,"level":20,"msg":"Processed: \u001b[35mlayout/_scripts/analytics/facebook-sdk.swig\u001b[39m","time":"2015-12-11T15:20:42.564Z","v":0}
{"name":"hexo","hostname":"server","pid":23570,"level":20,"msg":"Processed: \u001b[35mlayout/_scripts/analytics/baidu-analytics.swig\u001b[39m","time":"2015-12-11T15:20:42.567Z","v":0}
{"name":"hexo","hostname":"server","pid":23570,"level":20,"msg":"Processed: \u001b[35mlayout/_partials/share/jiathis.swig\u001b[39m","time":"2015-12-11T15:20:42.569Z","v":0}
{"name":"hexo","hostname":"server","pid":23570,"level":20,"msg":"Processed: \u001b[35mlayout/_partials/share/duoshuo_share.swig\u001b[39m","time":"2015-12-11T15:20:42.571Z","v":0}
{"name":"hexo","hostname":"server","pid":23570,"level":20,"msg":"Processed: \u001b[35mlayout/_partials/search.swig\u001b[39m","time":"2015-12-11T15:20:42.573Z","v":0}
{"name":"hexo","hostname":"server","pid":23570,"level":20,"msg":"Processed: \u001b[35mlayout/_partials/search/tinysou.swig\u001b[39m","time":"2015-12-11T15:20:42.576Z","v":0}
{"name":"hexo","hostname":"server","pid":23570,"level":20,"msg":"Processed: \u001b[35mlayout/_partials/search/swiftype.swig\u001b[39m","time":"2015-12-11T15:20:42.581Z","v":0}
{"name":"hexo","hostname":"server","pid":23570,"level":20,"msg":"Processed: \u001b[35mlayout/_partials/pagination.swig\u001b[39m","time":"2015-12-11T15:20:42.583Z","v":0}
{"name":"hexo","hostname":"server","pid":23570,"level":20,"msg":"Processed: \u001b[35mlayout/_partials/old-browsers.swig\u001b[39m","time":"2015-12-11T15:20:42.584Z","v":0}
{"name":"hexo","hostname":"server","pid":23570,"level":20,"msg":"Processed: \u001b[35mlayout/_partials/header.swig\u001b[39m","time":"2015-12-11T15:20:42.586Z","v":0}
{"name":"hexo","hostname":"server","pid":23570,"level":20,"msg":"Processed: \u001b[35mlayout/_partials/head.swig\u001b[39m","time":"2015-12-11T15:20:42.587Z","v":0}
{"name":"hexo","hostname":"server","pid":23570,"level":20,"msg":"Processed: \u001b[35mlayout/_partials/footer.swig\u001b[39m","time":"2015-12-11T15:20:42.589Z","v":0}
{"name":"hexo","hostname":"server","pid":23570,"level":20,"msg":"Processed: \u001b[35mlayout/_partials/duoshuo-hot-articles.swig\u001b[39m","time":"2015-12-11T15:20:42.591Z","v":0}
{"name":"hexo","hostname":"server","pid":23570,"level":20,"msg":"Processed: \u001b[35mlayout/_partials/comments.swig\u001b[39m","time":"2015-12-11T15:20:42.593Z","v":0}
{"name":"hexo","hostname":"server","pid":23570,"level":20,"msg":"Processed: \u001b[35mlayout/_macro/sidebar.swig\u001b[39m","time":"2015-12-11T15:20:42.595Z","v":0}
{"name":"hexo","hostname":"server","pid":23570,"level":20,"msg":"Processed: \u001b[35mlayout/_macro/post.swig\u001b[39m","time":"2015-12-11T15:20:42.598Z","v":0}
{"name":"hexo","hostname":"server","pid":23570,"level":20,"msg":"Processed: \u001b[35mlayout/_macro/post-collapse.swig\u001b[39m","time":"2015-12-11T15:20:42.601Z","v":0}
{"name":"hexo","hostname":"server","pid":23570,"level":20,"msg":"Processed: \u001b[35mlayout/_layout.swig\u001b[39m","time":"2015-12-11T15:20:42.603Z","v":0}
{"name":"hexo","hostname":"server","pid":23570,"level":20,"msg":"Processed: \u001b[35mlanguages/zh-tw.yml\u001b[39m","time":"2015-12-11T15:20:42.609Z","v":0}
{"name":"hexo","hostname":"server","pid":23570,"level":20,"msg":"Processed: \u001b[35mlanguages/zh-hk.yml\u001b[39m","time":"2015-12-11T15:20:42.613Z","v":0}
{"name":"hexo","hostname":"server","pid":23570,"level":20,"msg":"Processed: \u001b[35mlanguages/zh-Hans.yml\u001b[39m","time":"2015-12-11T15:20:42.620Z","v":0}
{"name":"hexo","hostname":"server","pid":23570,"level":20,"msg":"Processed: \u001b[35mlanguages/ru.yml\u001b[39m","time":"2015-12-11T15:20:42.625Z","v":0}
{"name":"hexo","hostname":"server","pid":23570,"level":20,"msg":"Processed: \u001b[35mlanguages/pt.yml\u001b[39m","time":"2015-12-11T15:20:42.628Z","v":0}
{"name":"hexo","hostname":"server","pid":23570,"level":20,"msg":"Processed: \u001b[35mlanguages/fr-FR.yml\u001b[39m","time":"2015-12-11T15:20:42.631Z","v":0}
{"name":"hexo","hostname":"server","pid":23570,"level":20,"msg":"Processed: \u001b[35mlanguages/en.yml\u001b[39m","time":"2015-12-11T15:20:42.635Z","v":0}
{"name":"hexo","hostname":"server","pid":23570,"level":20,"msg":"Processed: \u001b[35mlanguages/default.yml\u001b[39m","time":"2015-12-11T15:20:42.638Z","v":0}
{"name":"hexo","hostname":"server","pid":23570,"level":20,"msg":"Processed: \u001b[35mlanguages/de.yml\u001b[39m","time":"2015-12-11T15:20:42.642Z","v":0}
{"name":"hexo","hostname":"server","pid":23570,"level":20,"msg":"Theme config loaded.","time":"2015-12-11T15:20:42.647Z","v":0}
{"name":"hexo","hostname":"server","pid":23570,"level":20,"msg":"Processed: \u001b[35m_config.yml\u001b[39m","time":"2015-12-11T15:20:42.647Z","v":0}
{"name":"hexo","hostname":"server","pid":23570,"level":20,"msg":"Updated: \u001b[35msource/images/debug.log\u001b[39m","time":"2015-12-11T15:20:42.753Z","v":0}
{"name":"hexo","hostname":"server","pid":23570,"level":20,"msg":"Unchanged: \u001b[35msource/images/debug.log\u001b[39m","time":"2015-12-11T15:20:42.754Z","v":0}
{"name":"hexo","hostname":"server","pid":23570,"level":20,"msg":"Unchanged: \u001b[35msource/images/debug.log\u001b[39m","time":"2015-12-11T15:20:42.754Z","v":0}
{"name":"hexo","hostname":"server","pid":23570,"level":20,"msg":"Unchanged: \u001b[35msource/images/debug.log\u001b[39m","time":"2015-12-11T15:20:42.755Z","v":0}
{"name":"hexo","hostname":"server","pid":23570,"level":20,"msg":"Unchanged: \u001b[35msource/images/debug.log\u001b[39m","time":"2015-12-11T15:20:42.755Z","v":0}
{"name":"hexo","hostname":"server","pid":23570,"level":20,"msg":"Updated: \u001b[35msource/images/debug.log\u001b[39m","time":"2015-12-11T15:20:42.775Z","v":0}
{"name":"hexo","hostname":"server","pid":23570,"level":20,"msg":"Generator: \u001b[35mpage\u001b[39m","time":"2015-12-11T15:20:42.984Z","v":0}
{"name":"hexo","hostname":"server","pid":23570,"level":20,"msg":"Generator: \u001b[35mpost\u001b[39m","time":"2015-12-11T15:20:42.984Z","v":0}
{"name":"hexo","hostname":"server","pid":23570,"level":20,"msg":"Generator: \u001b[35marchive\u001b[39m","time":"2015-12-11T15:20:42.985Z","v":0}
{"name":"hexo","hostname":"server","pid":23570,"level":20,"msg":"Generator: \u001b[35mcategory\u001b[39m","time":"2015-12-11T15:20:42.985Z","v":0}
{"name":"hexo","hostname":"server","pid":23570,"level":20,"msg":"Generator: \u001b[35mindex\u001b[39m","time":"2015-12-11T15:20:42.985Z","v":0}
{"name":"hexo","hostname":"server","pid":23570,"level":20,"msg":"Generator: \u001b[35mtag\u001b[39m","time":"2015-12-11T15:20:42.985Z","v":0}
{"name":"hexo","hostname":"server","pid":23570,"level":20,"msg":"Processed: \u001b[35mimages/debug.log\u001b[39m","time":"2015-12-11T15:20:42.986Z","v":0}
{"name":"hexo","hostname":"server","pid":23570,"level":20,"msg":"Processed: \u001b[35mimages/debug.log\u001b[39m","time":"2015-12-11T15:20:42.987Z","v":0}
{"name":"hexo","hostname":"server","pid":23570,"level":20,"msg":"Processed: \u001b[35mimages/debug.log\u001b[39m","time":"2015-12-11T15:20:42.987Z","v":0}
{"name":"hexo","hostname":"server","pid":23570,"level":20,"msg":"Processed: \u001b[35mimages/debug.log\u001b[39m","time":"2015-12-11T15:20:42.988Z","v":0}
{"name":"hexo","hostname":"server","pid":23570,"level":20,"msg":"Processed: \u001b[35mimages/debug.log\u001b[39m","time":"2015-12-11T15:20:42.988Z","v":0}
{"name":"hexo","hostname":"server","pid":23570,"level":20,"msg":"Processed: \u001b[35mimages/debug.log\u001b[39m","time":"2015-12-11T15:20:42.989Z","v":0}
{"name":"hexo","hostname":"server","pid":23570,"level":20,"msg":"Generator: \u001b[35masset\u001b[39m","time":"2015-12-11T15:20:42.991Z","v":0}
{"name":"hexo","hostname":"server","pid":23570,"level":30,"msg":"Hexo is running at \u001b[4mhttp://0.0.0.0:4000/\u001b[24m. Press Ctrl+C to stop.","time":"2015-12-11T15:20:42.997Z","v":0}
{"name":"hexo","hostname":"server","pid":23570,"level":30,"msg":"Farewell","time":"2015-12-11T15:20:43.006Z","v":0}
{"name":"hexo","hostname":"server","pid":23570,"level":20,"msg":"Database saved","time":"2015-12-11T15:20:43.017Z","v":0}
